\BOOKMARK [1][-]{section*.1}{\376\377\000S\000t\000u\000d\000y\000\040\0001}{}% 1
\BOOKMARK [2][-]{section*.2}{\376\377\000M\000e\000t\000h\000o\000d}{section*.1}% 2
\BOOKMARK [3][-]{section*.3}{\376\377\000P\000a\000r\000t\000i\000c\000i\000p\000a\000n\000t\000s}{section*.2}% 3
\BOOKMARK [3][-]{section*.4}{\376\377\000M\000e\000a\000s\000u\000r\000e\000s}{section*.2}% 4
\BOOKMARK [3][-]{section*.5}{\376\377\000P\000r\000o\000c\000e\000d\000u\000r\000e}{section*.2}% 5
\BOOKMARK [2][-]{section*.6}{\376\377\000R\000e\000s\000u\000l\000t\000s}{section*.1}% 6
\BOOKMARK [3][-]{section*.8}{\376\377\000D\000e\000s\000c\000r\000i\000p\000t\000i\000v\000e\000\040\000S\000t\000a\000t\000i\000s\000t\000i\000c\000s}{section*.6}% 7
\BOOKMARK [3][-]{section*.9}{\376\377\000I\000t\000e\000m\000\040\000R\000e\000s\000p\000o\000n\000s\000e\000\040\000T\000h\000e\000o\000r\000y}{section*.6}% 8
\BOOKMARK [2][-]{section*.10}{\376\377\000D\000i\000s\000c\000u\000s\000s\000i\000o\000n}{section*.1}% 9
\BOOKMARK [1][-]{section*.11}{\376\377\000S\000t\000u\000d\000y\000\040\0002}{}% 10
\BOOKMARK [2][-]{section*.12}{\376\377\000M\000e\000t\000h\000o\000d}{section*.11}% 11
\BOOKMARK [3][-]{section*.13}{\376\377\000P\000a\000r\000t\000i\000c\000i\000p\000a\000n\000t\000s}{section*.12}% 12
\BOOKMARK [3][-]{section*.14}{\376\377\000M\000e\000a\000s\000u\000r\000e\000s}{section*.12}% 13
\BOOKMARK [3][-]{section*.15}{\376\377\000P\000r\000o\000c\000e\000d\000u\000r\000e}{section*.12}% 14
\BOOKMARK [2][-]{section*.16}{\376\377\000R\000e\000s\000u\000l\000t\000s}{section*.11}% 15
\BOOKMARK [3][-]{section*.18}{\376\377\000P\000H\000Q\000-\0004\000\040\000D\000e\000p\000r\000e\000s\000s\000i\000o\000n\000\040\000v\000s\000.\000\040\000B\000D\000I\000-\000I\000I}{section*.16}% 16
\BOOKMARK [3][-]{section*.19}{\376\377\000P\000H\000Q\000-\0004\000\040\000A\000n\000x\000i\000e\000t\000y\000\040\000v\000s\000.\000\040\000S\000T\000A\000I\000-\0005}{section*.16}% 17
\BOOKMARK [3][-]{section*.20}{\376\377\000C\000o\000r\000r\000e\000l\000a\000t\000i\000o\000n\000\040\000D\000i\000f\000f\000e\000r\000e\000n\000c\000e\000s}{section*.16}% 18
\BOOKMARK [3][-]{section*.21}{\376\377\000P\000r\000e\000d\000i\000c\000t\000i\000v\000e\000\040\000P\000o\000w\000e\000r}{section*.16}% 19
\BOOKMARK [2][-]{section*.22}{\376\377\000D\000i\000s\000c\000u\000s\000s\000i\000o\000n}{section*.11}% 20
\BOOKMARK [1][-]{section*.23}{\376\377\000G\000e\000n\000e\000r\000a\000l\000\040\000D\000i\000s\000c\000u\000s\000s\000i\000o\000n}{}% 21
\BOOKMARK [1][-]{section*.24}{\376\377\000A\000c\000k\000n\000o\000w\000l\000e\000d\000g\000e\000m\000e\000n\000t\000s}{}% 22
\BOOKMARK [1][-]{section*.25}{\376\377\000R\000e\000f\000e\000r\000e\000n\000c\000e\000s}{}% 23
